SF:lib\common\exception.dart
DA:6,4
LF:1
LH:1
end_of_record
SF:lib\data\datasources\movie_local_data_source.dart
DA:15,1
DA:18,1
DA:20,3
DA:23,2
DA:28,1
DA:30,3
DA:33,2
DA:38,1
DA:39,3
DA:41,1
DA:48,1
DA:49,3
DA:50,4
LF:13
LH:13
end_of_record
SF:lib\data\models\genre_model.dart
DA:5,9
DA:13,6
DA:14,3
DA:15,3
DA:18,2
DA:19,1
DA:20,1
DA:23,7
DA:24,21
DA:27,3
DA:28,9
LF:11
LH:11
end_of_record
SF:lib\data\models\movie_table.dart
DA:11,2
DA:18,2
DA:19,1
DA:20,1
DA:21,1
DA:22,1
DA:25,2
DA:26,1
DA:27,1
DA:28,1
DA:29,1
DA:32,0
DA:33,0
DA:34,0
DA:35,0
DA:36,0
DA:39,2
DA:40,1
DA:41,1
DA:42,1
DA:43,1
DA:46,2
DA:47,10
LF:23
LH:18
end_of_record
SF:lib\data\models\season_model.dart
DA:12,7
DA:22,4
DA:23,2
DA:24,2
DA:25,2
DA:26,2
DA:27,2
DA:28,2
DA:29,2
DA:32,2
DA:33,1
DA:34,1
DA:35,1
DA:36,1
DA:37,1
DA:38,1
DA:39,1
DA:42,12
DA:43,6
DA:44,6
DA:45,6
DA:46,6
DA:49,2
DA:50,2
DA:51,2
DA:52,2
DA:53,2
DA:54,2
DA:55,2
DA:56,2
DA:57,2
LF:31
LH:31
end_of_record
SF:lib\data\models\tv_show_detail_model.dart
DA:28,10
DA:50,2
DA:51,2
DA:52,2
DA:53,8
DA:54,2
DA:55,2
DA:56,6
DA:57,2
DA:58,2
DA:59,2
DA:60,2
DA:61,2
DA:62,2
DA:63,2
DA:64,2
DA:65,4
DA:66,2
DA:67,2
DA:68,6
DA:69,2
DA:70,2
DA:71,2
DA:72,4
DA:73,2
DA:76,2
DA:77,1
DA:78,1
DA:79,1
DA:80,3
DA:81,1
DA:82,1
DA:83,1
DA:84,1
DA:85,1
DA:86,1
DA:87,1
DA:88,1
DA:89,1
DA:90,1
DA:91,3
DA:92,1
DA:93,1
DA:94,1
DA:95,1
DA:96,1
DA:99,18
DA:100,9
DA:101,9
DA:102,9
DA:103,37
DA:104,9
DA:105,9
DA:106,9
DA:107,9
DA:108,9
DA:109,9
DA:110,37
DA:111,9
DA:112,9
DA:115,2
DA:116,2
DA:117,2
DA:118,2
DA:119,2
DA:120,2
DA:121,2
DA:122,2
DA:123,2
DA:124,2
DA:125,2
DA:126,2
DA:127,2
DA:128,2
DA:129,2
DA:130,2
DA:131,2
DA:132,2
DA:133,2
DA:134,2
DA:135,2
DA:136,2
LF:82
LH:82
end_of_record
SF:lib\data\models\tv_show_model.dart
DA:19,14
DA:35,4
DA:36,2
DA:37,2
DA:38,8
DA:39,2
DA:40,2
DA:41,8
DA:42,2
DA:43,2
DA:44,2
DA:45,2
DA:46,2
DA:47,4
DA:48,2
DA:50,2
DA:51,1
DA:52,1
DA:53,1
DA:54,1
DA:55,1
DA:56,1
DA:57,1
DA:58,1
DA:59,1
DA:60,1
DA:61,1
DA:62,1
DA:63,1
DA:65,24
DA:66,12
DA:67,12
DA:68,12
DA:69,12
DA:70,12
DA:71,12
DA:72,12
DA:73,12
DA:74,12
DA:75,12
DA:76,12
DA:77,12
DA:78,12
DA:81,2
DA:82,2
DA:83,2
DA:84,2
DA:85,2
DA:86,2
DA:87,2
DA:88,2
DA:89,2
DA:90,2
DA:91,2
DA:92,2
DA:93,2
DA:94,2
DA:95,2
LF:58
LH:58
end_of_record
SF:lib\data\models\tv_show_response.dart
DA:7,2
DA:9,4
DA:10,4
DA:11,6
DA:12,6
DA:15,2
DA:16,5
DA:19,1
DA:20,2
LF:9
LH:9
end_of_record
SF:lib\data\models\tv_shows_table.dart
DA:6,3
DA:18,6
DA:19,3
DA:20,3
DA:21,3
DA:22,3
DA:25,2
DA:26,1
DA:27,1
DA:28,1
DA:29,1
DA:32,2
DA:33,1
DA:34,1
DA:35,1
DA:36,1
DA:39,4
DA:40,2
DA:41,2
DA:42,2
DA:43,2
DA:46,2
DA:47,2
DA:48,2
DA:49,2
DA:50,2
DA:51,2
LF:27
LH:27
end_of_record
SF:lib\domain\entities\genre.dart
DA:4,13
DA:12,4
DA:13,12
LF:3
LH:3
end_of_record
SF:lib\domain\entities\movie.dart
DA:4,12
DA:20,2
DA:41,8
DA:42,8
DA:43,8
DA:44,8
DA:45,8
DA:46,8
DA:47,8
DA:48,8
DA:49,8
DA:50,8
DA:51,8
DA:52,8
DA:53,8
DA:54,8
DA:55,8
LF:17
LH:17
end_of_record
SF:lib\domain\entities\movie_detail.dart
DA:5,8
DA:33,3
DA:34,3
DA:35,3
DA:36,3
DA:37,3
DA:38,3
DA:39,3
DA:40,3
DA:41,3
DA:42,3
DA:43,3
DA:44,3
DA:45,3
LF:14
LH:14
end_of_record
SF:lib\domain\entities\tv_show.dart
DA:17,12
DA:33,2
DA:49,8
DA:50,8
DA:51,8
DA:52,8
DA:53,8
DA:54,8
DA:55,8
DA:56,8
DA:57,8
DA:58,8
DA:59,8
DA:60,8
DA:61,8
DA:62,8
DA:63,8
LF:17
LH:17
end_of_record
SF:lib\common\failure.dart
DA:6,16
DA:8,2
DA:9,4
DA:13,32
DA:17,4
DA:21,8
DA:25,0
LF:7
LH:6
end_of_record
SF:lib\data\datasources\db\database_helper.dart
DA:9,0
DA:13,0
DA:17,0
DA:19,0
DA:26,0
DA:27,0
DA:28,0
DA:30,0
DA:34,0
DA:35,0
DA:42,0
DA:43,0
DA:50,0
DA:53,0
DA:54,0
DA:55,0
DA:58,0
DA:59,0
DA:60,0
DA:63,0
DA:67,0
DA:68,0
DA:69,0
DA:72,0
DA:75,0
DA:76,0
DA:82,0
DA:83,0
DA:84,0
DA:89,0
DA:90,0
DA:91,0
DA:94,0
DA:95,0
DA:96,0
DA:99,0
DA:102,0
DA:103,0
DA:109,0
DA:110,0
DA:111,0
DA:114,0
DA:118,0
DA:119,0
DA:121,0
LF:45
LH:0
end_of_record
SF:lib\data\datasources\movie_remote_data_source.dart
DA:24,1
DA:27,1
DA:29,5
DA:31,2
DA:32,4
DA:34,1
DA:39,1
DA:41,5
DA:43,2
DA:44,3
DA:46,1
DA:51,1
DA:52,2
DA:53,3
DA:55,2
DA:56,4
DA:58,1
DA:63,1
DA:65,5
DA:67,2
DA:68,4
DA:70,1
DA:75,1
DA:77,5
DA:79,2
DA:80,4
DA:82,1
DA:87,1
DA:88,2
DA:89,3
DA:91,2
DA:92,4
DA:94,1
LF:33
LH:33
end_of_record
SF:lib\data\datasources\tv_show_local_database.dart
DA:15,1
DA:18,1
DA:19,3
DA:21,1
DA:27,1
DA:28,3
DA:29,4
DA:33,1
DA:35,3
DA:38,2
DA:43,1
DA:45,3
DA:48,2
LF:13
LH:13
end_of_record
SF:lib\data\datasources\tv_show_remote_data_source.dart
DA:24,1
DA:26,1
DA:28,5
DA:30,2
DA:31,4
DA:33,1
DA:38,1
DA:39,5
DA:40,2
DA:41,3
DA:43,1
DA:48,1
DA:49,2
DA:50,3
DA:52,2
DA:53,4
DA:55,1
DA:60,1
DA:62,5
DA:64,2
DA:65,4
DA:67,1
DA:72,1
DA:74,5
DA:75,2
DA:76,4
DA:78,1
DA:83,1
DA:84,2
DA:85,3
DA:86,2
DA:87,4
DA:89,1
LF:33
LH:33
end_of_record
SF:lib\data\models\movie_detail_model.dart
DA:6,3
DA:52,2
DA:53,2
DA:54,2
DA:55,2
DA:56,2
DA:57,2
DA:58,6
DA:59,2
DA:60,2
DA:61,2
DA:62,2
DA:63,2
DA:64,2
DA:65,4
DA:66,2
DA:67,2
DA:68,2
DA:69,2
DA:70,2
DA:71,2
DA:72,2
DA:73,2
DA:74,4
DA:75,2
DA:78,2
DA:79,1
DA:80,1
DA:81,1
DA:82,3
DA:83,1
DA:84,1
DA:85,1
DA:86,1
DA:87,1
DA:88,1
DA:89,1
DA:90,1
DA:91,1
DA:92,1
DA:93,1
DA:94,1
DA:95,1
DA:96,1
DA:97,1
DA:98,1
DA:99,1
DA:102,2
DA:103,2
DA:104,2
DA:105,2
DA:106,8
DA:107,2
DA:108,2
DA:109,2
DA:110,2
DA:111,2
DA:112,2
DA:113,2
DA:114,2
DA:115,2
DA:119,2
DA:120,2
DA:121,2
DA:122,2
DA:123,2
DA:124,2
DA:125,2
DA:126,2
DA:127,2
DA:128,2
DA:129,2
DA:130,2
DA:131,2
DA:132,2
DA:133,2
DA:134,2
DA:135,2
DA:136,2
DA:137,2
DA:138,2
DA:139,2
DA:140,2
DA:141,2
LF:84
LH:84
end_of_record
SF:lib\data\models\movie_model.dart
DA:5,4
DA:35,4
DA:36,2
DA:37,2
DA:38,8
DA:39,2
DA:40,2
DA:41,2
DA:42,4
DA:43,2
DA:44,2
DA:45,2
DA:46,2
DA:47,4
DA:48,2
DA:51,2
DA:52,1
DA:53,1
DA:54,4
DA:55,1
DA:56,1
DA:57,1
DA:58,1
DA:59,1
DA:60,1
DA:61,1
DA:62,1
DA:63,1
DA:64,1
DA:67,2
DA:68,2
DA:69,2
DA:70,2
DA:71,2
DA:72,2
DA:73,2
DA:74,2
DA:75,2
DA:76,2
DA:77,2
DA:78,2
DA:79,2
DA:80,2
DA:81,2
DA:85,2
DA:86,2
DA:87,2
DA:88,2
DA:89,2
DA:90,2
DA:91,2
DA:92,2
DA:93,2
DA:94,2
DA:95,2
DA:96,2
DA:97,2
DA:98,2
DA:99,2
LF:59
LH:59
end_of_record
SF:lib\domain\entities\tv_show_detail.dart
DA:19,9
DA:34,3
DA:35,3
DA:36,3
DA:37,3
DA:38,3
DA:39,3
DA:40,3
DA:41,3
DA:42,3
DA:43,3
DA:44,3
DA:45,3
DA:46,3
DA:47,3
DA:48,3
LF:16
LH:16
end_of_record
SF:lib\data\models\movie_response.dart
DA:7,2
DA:9,4
DA:10,4
DA:11,6
DA:12,6
DA:15,2
DA:16,5
DA:19,1
DA:20,2
LF:9
LH:9
end_of_record
SF:lib\domain\entities\seasons.dart
DA:8,6
DA:15,2
DA:16,10
LF:3
LH:3
end_of_record
SF:lib\data\repositories\movie_repository_impl.dart
DA:17,1
DA:23,1
DA:25,3
DA:26,5
DA:27,1
DA:28,2
DA:29,1
DA:30,2
DA:35,1
DA:37,3
DA:38,2
DA:39,1
DA:40,2
DA:41,1
DA:42,0
DA:43,1
DA:44,2
DA:49,1
DA:51,3
DA:52,3
DA:53,1
DA:54,2
DA:55,1
DA:56,0
DA:57,1
DA:58,2
DA:63,1
DA:65,3
DA:66,5
DA:67,1
DA:68,2
DA:69,1
DA:70,0
DA:71,1
DA:72,2
DA:77,1
DA:79,3
DA:80,5
DA:81,1
DA:82,2
DA:83,1
DA:84,0
DA:85,1
DA:86,2
DA:91,1
DA:93,3
DA:94,5
DA:95,1
DA:96,2
DA:97,1
DA:98,0
DA:99,1
DA:100,2
DA:105,1
DA:108,4
DA:109,1
DA:110,1
DA:111,3
DA:118,1
DA:121,4
DA:122,1
DA:123,1
DA:124,3
DA:129,1
DA:130,3
DA:135,1
DA:136,3
DA:137,5
LF:68
LH:63
end_of_record
SF:lib\common\ssl_pinning\shared_certificate.dart
DA:10,1
DA:11,1
DA:14,1
DA:17,1
DA:21,0
DA:22,0
DA:23,0
DA:24,0
DA:26,0
DA:27,0
DA:31,1
DA:32,0
DA:33,0
DA:34,0
DA:35,0
DA:37,0
DA:41,0
DA:45,1
DA:46,1
DA:47,0
DA:52,1
DA:53,1
DA:54,2
LF:23
LH:10
end_of_record
SF:lib\data\repositories\tv_show_repository_impl.dart
DA:16,1
DA:20,1
DA:22,3
DA:23,5
DA:24,1
DA:25,2
DA:26,1
DA:27,0
DA:28,1
DA:29,2
DA:34,1
DA:36,3
DA:37,2
DA:38,1
DA:39,2
DA:40,1
DA:41,0
DA:42,1
DA:43,2
DA:48,1
DA:50,3
DA:51,5
DA:52,1
DA:53,2
DA:54,1
DA:55,0
DA:56,1
DA:57,2
DA:62,1
DA:64,3
DA:65,5
DA:66,1
DA:67,2
DA:68,1
DA:69,0
DA:70,1
DA:71,2
DA:76,1
DA:78,3
DA:79,5
DA:80,1
DA:81,2
DA:82,1
DA:83,0
DA:84,1
DA:85,2
DA:90,1
DA:92,3
DA:93,5
DA:94,1
DA:95,2
DA:96,1
DA:97,0
DA:98,1
DA:99,2
DA:104,1
DA:105,3
DA:106,5
DA:110,1
DA:111,3
DA:116,1
DA:119,4
DA:120,1
DA:121,1
DA:122,3
DA:127,1
DA:130,4
DA:131,1
DA:132,1
DA:133,3
LF:70
LH:64
end_of_record
SF:lib\domain\usecases\get_movie_detail.dart
DA:9,1
DA:11,1
DA:12,2
LF:3
LH:3
end_of_record
SF:lib\domain\usecases\get_movie_recommendations.dart
DA:9,1
DA:11,1
DA:12,2
LF:3
LH:3
end_of_record
SF:lib\domain\usecases\get_now_playing_movies.dart
DA:9,1
DA:11,1
DA:12,2
LF:3
LH:3
end_of_record
SF:lib\domain\usecases\get_now_playing_tv_shows.dart
DA:9,1
DA:11,1
DA:12,2
LF:3
LH:3
end_of_record
SF:lib\domain\usecases\get_popular_movies.dart
DA:9,1
DA:11,1
DA:12,2
LF:3
LH:3
end_of_record
SF:lib\domain\usecases\get_popular_tv_shows.dart
DA:9,1
DA:11,1
DA:12,2
LF:3
LH:3
end_of_record
SF:lib\domain\usecases\get_top_rated_movies.dart
DA:9,1
DA:11,1
DA:12,2
LF:3
LH:3
end_of_record
SF:lib\domain\usecases\get_top_rated_tv_shows.dart
DA:9,1
DA:11,1
DA:12,2
LF:3
LH:3
end_of_record
SF:lib\domain\usecases\get_tv_show_detail.dart
DA:8,1
DA:10,1
DA:11,2
LF:3
LH:3
end_of_record
SF:lib\domain\usecases\get_tv_show_recommendations.dart
DA:9,1
DA:11,1
DA:12,2
LF:3
LH:3
end_of_record
SF:lib\domain\usecases\get_watchlist_movies.dart
DA:9,1
DA:11,1
DA:12,2
LF:3
LH:3
end_of_record
SF:lib\domain\usecases\get_watchlist_status.dart
DA:6,1
DA:8,1
DA:9,2
LF:3
LH:3
end_of_record
SF:lib\domain\usecases\get_watchlist_status_tv_show.dart
DA:6,1
DA:8,1
DA:9,2
LF:3
LH:3
end_of_record
SF:lib\domain\usecases\get_watchlist_tv_shows.dart
DA:9,1
DA:11,1
DA:12,2
LF:3
LH:3
end_of_record
SF:lib\domain\usecases\remove_watchlist.dart
DA:9,1
DA:11,1
DA:12,2
LF:3
LH:3
end_of_record
SF:lib\domain\usecases\remove_watchlist_tv_show.dart
DA:9,1
DA:11,1
DA:12,2
LF:3
LH:3
end_of_record
SF:lib\domain\usecases\save_watchlist.dart
DA:9,1
DA:11,1
DA:12,2
LF:3
LH:3
end_of_record
SF:lib\domain\usecases\save_watchlist_tv_show.dart
DA:9,1
DA:11,1
DA:12,2
LF:3
LH:3
end_of_record
SF:lib\domain\usecases\search_movies.dart
DA:9,1
DA:11,1
DA:12,2
LF:3
LH:3
end_of_record
SF:lib\domain\usecases\search_tv_shows.dart
DA:9,1
DA:11,1
DA:12,2
LF:3
LH:3
end_of_record
SF:lib\presentation\bloc\movie\movie_detail\bloc\movie_detail_state.dart
DA:7,1
DA:8,1
DA:12,1
DA:13,1
DA:19,1
DA:21,1
DA:22,2
DA:28,2
DA:30,1
DA:31,2
LF:10
LH:10
end_of_record
SF:lib\presentation\bloc\movie\movie_detail\bloc\movie_detail_event.dart
DA:8,2
DA:10,1
DA:11,1
LF:3
LH:3
end_of_record
SF:lib\presentation\bloc\movie\movie_detail\bloc\movie_detail_bloc.dart
DA:13,1
DA:15,2
DA:16,2
DA:19,1
DA:21,1
DA:23,2
DA:25,3
DA:27,2
DA:28,3
DA:29,1
DA:30,2
LF:11
LH:11
end_of_record
SF:lib\presentation\bloc\movie\movie_recommendations\movie_recommendations_bloc.dart
DA:16,1
DA:17,2
DA:18,2
DA:21,1
DA:25,1
DA:26,2
DA:28,3
DA:30,1
DA:31,1
DA:32,3
DA:34,1
DA:35,1
DA:36,2
DA:37,2
LF:14
LH:14
end_of_record
SF:lib\presentation\bloc\movie\movie_recommendations\movie_recommendations_state.dart
DA:7,1
DA:8,1
DA:12,1
DA:13,1
DA:19,1
DA:21,1
DA:22,2
DA:28,2
DA:30,1
DA:31,2
LF:10
LH:10
end_of_record
SF:lib\presentation\bloc\movie\movie_recommendations\movie_recommendations_event.dart
DA:9,2
DA:11,1
DA:12,2
LF:3
LH:3
end_of_record
SF:lib\presentation\bloc\movie\now_playing_movies\bloc\now_playing_movies_state.dart
DA:7,1
DA:8,1
DA:12,1
DA:13,1
DA:18,1
DA:20,1
DA:21,2
DA:26,1
DA:28,1
DA:29,2
LF:10
LH:10
end_of_record
SF:lib\presentation\bloc\movie\now_playing_movies\bloc\now_playing_movies_event.dart
DA:6,1
DA:7,1
LF:2
LH:2
end_of_record
SF:lib\presentation\bloc\movie\now_playing_movies\bloc\now_playing_movies_bloc.dart
DA:16,1
DA:18,2
DA:19,2
DA:22,1
DA:26,2
DA:28,3
DA:30,2
DA:31,3
DA:32,1
DA:33,1
DA:34,2
DA:35,2
LF:12
LH:12
end_of_record
SF:lib\presentation\bloc\movie\popular_movies\bloc\popular_movies_state.dart
DA:7,1
DA:8,1
DA:12,1
DA:13,1
DA:19,2
DA:21,1
DA:22,2
DA:28,2
DA:30,1
DA:31,2
LF:10
LH:10
end_of_record
SF:lib\presentation\bloc\movie\popular_movies\bloc\popular_movies_bloc.dart
DA:15,3
DA:16,2
DA:19,1
DA:23,2
DA:25,3
DA:27,1
DA:28,1
DA:29,3
DA:31,1
DA:32,1
DA:33,2
DA:34,2
LF:12
LH:12
end_of_record
SF:lib\presentation\bloc\movie\popular_movies\bloc\popular_movies_event.dart
DA:6,1
DA:7,1
LF:2
LH:2
end_of_record
SF:lib\presentation\bloc\movie\top_rated_movies\bloc\top_rated_movies_bloc.dart
DA:14,3
DA:15,2
DA:18,1
DA:22,2
DA:24,3
DA:26,2
DA:27,3
DA:28,1
DA:29,1
DA:30,2
DA:31,2
LF:11
LH:11
end_of_record
SF:lib\presentation\bloc\movie\top_rated_movies\bloc\top_rated_movies_event.dart
DA:6,1
DA:7,1
LF:2
LH:2
end_of_record
SF:lib\presentation\bloc\movie\top_rated_movies\bloc\top_rated_movies_state.dart
DA:6,1
DA:7,1
DA:11,1
DA:12,1
DA:18,2
DA:20,1
DA:21,2
DA:27,2
DA:29,1
DA:30,2
LF:10
LH:10
end_of_record
SF:lib\presentation\bloc\movie\movie_search\search_movies_state.dart
DA:7,1
DA:8,1
DA:12,1
DA:13,1
DA:17,1
DA:18,1
DA:24,1
DA:26,1
DA:27,2
DA:33,1
DA:35,1
DA:36,2
LF:12
LH:12
end_of_record
SF:lib\presentation\bloc\movie\movie_search\search_movies_event.dart
DA:9,1
DA:11,1
DA:12,2
LF:3
LH:3
end_of_record
SF:lib\presentation\bloc\movie\movie_search\search_movies_bloc.dart
DA:16,3
DA:17,2
DA:20,1
DA:22,1
DA:23,2
DA:25,3
DA:27,1
DA:28,1
DA:29,3
DA:31,1
DA:32,1
DA:33,2
DA:34,2
DA:39,1
DA:41,2
LF:15
LH:15
end_of_record
SF:lib\presentation\bloc\movie\watchlist_movies\watchlist_movies_state.dart
DA:7,1
DA:8,1
DA:12,1
DA:13,1
DA:17,1
DA:18,1
DA:24,1
DA:26,1
DA:27,2
DA:33,3
DA:35,1
DA:36,2
DA:42,2
DA:44,1
DA:45,2
DA:51,1
DA:53,1
DA:54,2
LF:18
LH:18
end_of_record
SF:lib\presentation\bloc\movie\watchlist_movies\watchlist_movies_bloc.dart
DA:23,1
DA:28,2
DA:29,2
DA:30,2
DA:31,2
DA:32,2
DA:35,1
DA:39,2
DA:41,3
DA:43,1
DA:44,1
DA:45,3
DA:47,1
DA:48,1
DA:49,2
DA:50,2
DA:55,1
DA:59,1
DA:61,3
DA:63,2
DA:66,1
DA:70,1
DA:72,3
DA:74,1
DA:75,1
DA:76,3
DA:78,1
DA:79,2
DA:84,1
DA:88,1
DA:90,3
DA:92,1
DA:93,1
DA:94,3
DA:96,1
DA:97,2
LF:36
LH:36
end_of_record
SF:lib\presentation\bloc\movie\watchlist_movies\watchlist_movies_event.dart
DA:7,1
DA:8,1
DA:14,2
DA:16,1
DA:17,2
DA:23,1
DA:25,1
DA:26,2
DA:32,1
DA:34,1
DA:35,2
LF:11
LH:11
end_of_record
SF:lib\presentation\bloc\tv\now_playing_tv_shows\now_playing_tv_shows_state.dart
DA:7,1
DA:8,1
DA:12,1
DA:13,1
DA:19,1
DA:21,1
DA:22,2
DA:28,1
DA:30,1
DA:31,2
LF:10
LH:10
end_of_record
SF:lib\presentation\bloc\tv\now_playing_tv_shows\now_playing_tv_shows_event.dart
DA:7,1
DA:8,1
LF:2
LH:2
end_of_record
SF:lib\presentation\bloc\tv\now_playing_tv_shows\now_playing_tv_shows_bloc.dart
DA:16,1
DA:18,2
DA:19,2
DA:22,1
DA:24,2
DA:26,3
DA:28,1
DA:29,1
DA:30,3
DA:32,1
DA:33,1
DA:34,2
DA:35,2
LF:13
LH:13
end_of_record
SF:lib\presentation\bloc\tv\popular_tv_shows\popular_tv_shows_bloc.dart
DA:16,3
DA:17,2
DA:20,1
DA:24,2
DA:26,3
DA:28,1
DA:29,1
DA:30,3
DA:32,1
DA:33,1
DA:34,2
DA:35,2
LF:12
LH:12
end_of_record
SF:lib\presentation\bloc\tv\popular_tv_shows\popular_tv_shows_state.dart
DA:7,1
DA:8,1
DA:12,1
DA:13,1
DA:19,2
DA:21,1
DA:22,2
DA:28,2
DA:30,1
DA:31,2
LF:10
LH:10
end_of_record
SF:lib\presentation\bloc\tv\popular_tv_shows\popular_tv_shows_event.dart
DA:7,1
DA:8,1
LF:2
LH:2
end_of_record
SF:lib\presentation\bloc\tv\top_rated_tv_shows\top_rated_tv_shows_state.dart
DA:7,1
DA:8,1
DA:12,1
DA:13,1
DA:19,2
DA:21,1
DA:22,2
DA:28,2
DA:30,1
DA:31,2
LF:10
LH:10
end_of_record
SF:lib\presentation\bloc\tv\top_rated_tv_shows\top_rated_tv_shows_bloc.dart
DA:16,1
DA:17,2
DA:18,2
DA:21,1
DA:25,2
DA:27,3
DA:29,1
DA:30,1
DA:31,3
DA:33,1
DA:34,1
DA:35,2
DA:36,2
LF:13
LH:13
end_of_record
SF:lib\presentation\bloc\tv\top_rated_tv_shows\top_rated_tv_shows_event.dart
DA:7,1
DA:8,1
LF:2
LH:2
end_of_record
SF:lib\presentation\bloc\tv\search_tv_show\search_tv_shows_state.dart
DA:7,1
DA:8,1
DA:12,1
DA:13,1
DA:17,1
DA:18,1
DA:24,1
DA:26,1
DA:27,2
DA:33,1
DA:35,1
DA:36,2
LF:12
LH:12
end_of_record
SF:lib\presentation\bloc\tv\search_tv_show\search_tv_shows_event.dart
DA:9,1
DA:11,1
DA:12,2
LF:3
LH:3
end_of_record
SF:lib\presentation\bloc\tv\search_tv_show\search_tv_shows_bloc.dart
DA:16,3
DA:17,2
DA:20,1
DA:22,1
DA:23,2
DA:25,3
DA:27,1
DA:28,1
DA:29,3
DA:31,1
DA:32,1
DA:33,2
DA:34,2
DA:39,1
DA:41,2
LF:15
LH:15
end_of_record
SF:lib\presentation\bloc\tv\tv_show_detail\tv_show_detail_event.dart
DA:9,2
DA:11,1
DA:12,2
LF:3
LH:3
end_of_record
SF:lib\presentation\bloc\tv\tv_show_detail\tv_show_detail_state.dart
DA:7,1
DA:8,1
DA:12,1
DA:13,1
DA:19,1
DA:21,1
DA:22,2
DA:28,2
DA:30,1
DA:31,2
LF:10
LH:10
end_of_record
SF:lib\presentation\bloc\tv\tv_show_detail\tv_show_detail_bloc.dart
DA:15,3
DA:16,2
DA:19,1
DA:23,1
DA:25,2
DA:27,3
DA:29,1
DA:30,1
DA:31,3
DA:33,1
DA:34,2
LF:11
LH:11
end_of_record
SF:lib\presentation\bloc\tv\tv_show_recommendations\tv_show_recommendations_event.dart
DA:9,2
DA:11,1
DA:12,2
LF:3
LH:3
end_of_record
SF:lib\presentation\bloc\tv\tv_show_recommendations\tv_show_recommendations_state.dart
DA:7,1
DA:8,1
DA:12,1
DA:13,1
DA:19,1
DA:21,1
DA:22,2
DA:28,2
DA:30,1
DA:31,2
LF:10
LH:10
end_of_record
SF:lib\presentation\bloc\tv\tv_show_recommendations\tv_show_recommendations_bloc.dart
DA:16,1
DA:17,2
DA:18,2
DA:21,1
DA:25,1
DA:26,2
DA:28,3
DA:30,1
DA:31,1
DA:32,3
DA:34,1
DA:35,1
DA:36,2
DA:37,2
LF:14
LH:14
end_of_record
SF:lib\presentation\bloc\tv\watchlist_tv_shows\watchlist_tv_shows_state.dart
DA:7,1
DA:8,1
DA:12,1
DA:13,1
DA:17,1
DA:18,1
DA:24,1
DA:26,1
DA:27,2
DA:33,3
DA:35,1
DA:36,2
DA:42,2
DA:44,1
DA:45,2
DA:51,1
DA:53,1
DA:54,2
LF:18
LH:18
end_of_record
SF:lib\presentation\bloc\tv\watchlist_tv_shows\watchlist_tv_shows_event.dart
DA:7,1
DA:8,1
DA:14,2
DA:16,1
DA:17,2
DA:23,1
DA:25,1
DA:26,2
DA:32,1
DA:34,1
DA:35,2
LF:11
LH:11
end_of_record
SF:lib\presentation\bloc\tv\watchlist_tv_shows\watchlist_tv_shows_bloc.dart
DA:23,1
DA:28,2
DA:29,2
DA:30,2
DA:31,2
DA:32,2
DA:35,1
DA:39,2
DA:41,3
DA:43,1
DA:44,1
DA:45,3
DA:47,1
DA:48,1
DA:49,2
DA:50,2
DA:55,1
DA:59,1
DA:61,3
DA:63,2
DA:66,1
DA:70,1
DA:72,3
DA:74,1
DA:75,1
DA:76,3
DA:78,1
DA:79,2
DA:84,1
DA:88,1
DA:90,3
DA:92,1
DA:93,1
DA:94,3
DA:96,1
DA:97,2
LF:36
LH:36
end_of_record
SF:lib\presentation\pages\popular_movies_page.dart
DA:11,1
DA:12,1
DA:16,1
DA:18,1
DA:19,2
DA:20,0
DA:23,1
DA:25,1
DA:26,1
DA:27,1
DA:29,1
DA:31,1
DA:33,1
DA:34,1
DA:38,1
DA:39,1
DA:40,1
DA:41,1
DA:42,1
DA:44,1
DA:48,1
DA:51,1
DA:53,2
LF:23
LH:22
end_of_record
SF:lib\common\state_enum.dart
DA:1,7
LF:1
LH:1
end_of_record
SF:lib\presentation\widgets\card_list.dart
DA:12,6
DA:14,6
DA:16,6
DA:18,6
DA:20,6
DA:21,0
DA:22,0
DA:24,0
DA:27,0
DA:30,6
DA:32,6
DA:33,6
DA:34,6
DA:40,6
DA:42,6
DA:43,6
DA:44,18
DA:47,6
DA:49,6
DA:50,6
DA:51,18
DA:60,6
DA:65,6
DA:66,6
DA:67,6
DA:68,6
DA:69,12
DA:71,6
DA:78,0
DA:80,12
LF:30
LH:25
end_of_record
SF:lib\presentation\pages\tv_show_detail_page.dart
DA:15,2
DA:16,1
DA:17,1
DA:21,1
DA:23,1
DA:24,2
DA:25,6
DA:26,1
DA:27,1
DA:28,4
DA:29,1
DA:30,1
DA:31,4
DA:35,1
DA:37,1
DA:38,3
DA:39,2
DA:42,1
DA:43,1
DA:44,1
DA:46,1
DA:47,1
DA:51,1
DA:52,1
DA:53,1
DA:71,1
DA:75,1
DA:77,1
DA:78,1
DA:82,1
DA:84,1
DA:85,1
DA:86,1
DA:88,4
DA:89,1
DA:91,1
DA:92,1
DA:93,1
DA:94,1
DA:96,1
DA:97,1
DA:105,1
DA:106,1
DA:107,1
DA:109,1
DA:111,1
DA:113,1
DA:114,1
DA:115,3
DA:116,1
DA:118,1
DA:119,0
DA:120,0
DA:122,0
DA:123,0
DA:125,0
DA:126,0
DA:130,0
DA:132,0
DA:135,0
DA:136,0
DA:137,0
DA:141,0
DA:146,0
DA:147,0
DA:148,0
DA:149,0
DA:151,0
DA:153,0
DA:154,0
DA:155,0
DA:160,0
DA:161,0
DA:162,0
DA:165,1
DA:167,1
DA:168,2
DA:169,1
DA:170,1
DA:171,1
DA:175,1
DA:176,4
DA:178,1
DA:179,4
DA:181,1
DA:182,1
DA:183,1
DA:184,4
DA:186,2
DA:192,5
DA:195,1
DA:196,1
DA:197,1
DA:198,4
DA:200,1
DA:201,1
DA:202,4
DA:204,1
DA:207,1
DA:209,1
DA:211,1
DA:212,4
DA:213,3
DA:216,1
DA:217,1
DA:219,1
DA:221,1
DA:224,1
DA:225,1
DA:230,1
DA:231,1
DA:233,1
DA:236,1
DA:238,1
DA:240,1
DA:241,1
DA:243,1
DA:244,0
DA:245,0
DA:248,0
DA:251,1
DA:256,1
DA:258,2
DA:259,1
DA:270,0
DA:277,1
DA:285,1
DA:296,1
DA:298,1
DA:301,1
DA:302,1
DA:303,0
DA:304,0
DA:313,1
DA:315,1
DA:316,0
DA:319,1
DA:323,0
DA:326,1
DA:327,1
DA:328,1
DA:330,1
DA:331,0
DA:333,1
DA:337,1
DA:338,4
LF:146
LH:114
end_of_record
SF:lib\common\constants.dart
DA:15,4
DA:16,2
DA:17,24
DA:19,0
DA:21,6
DA:25,0
DA:26,0
DA:27,0
DA:28,0
DA:29,0
LF:10
LH:4
end_of_record
SF:lib\presentation\pages\movie_detail_page.dart
DA:19,1
DA:21,1
DA:22,1
DA:26,1
DA:28,1
DA:29,2
DA:30,6
DA:31,1
DA:32,1
DA:33,4
DA:34,1
DA:35,1
DA:36,4
DA:40,1
DA:42,2
DA:43,2
DA:44,2
DA:48,1
DA:49,1
DA:51,1
DA:52,1
DA:56,1
DA:57,1
DA:58,1
DA:74,1
DA:76,1
DA:77,1
DA:81,1
DA:83,3
DA:84,1
DA:85,1
DA:86,1
DA:87,1
DA:89,4
DA:91,2
DA:92,1
DA:94,0
DA:96,1
DA:98,1
DA:99,1
DA:100,1
DA:101,1
DA:104,2
DA:111,1
DA:112,1
DA:113,1
DA:115,1
DA:117,1
DA:119,1
DA:120,1
DA:121,3
DA:122,1
DA:124,1
DA:125,0
DA:126,0
DA:128,0
DA:129,0
DA:131,0
DA:132,0
DA:136,0
DA:138,0
DA:141,0
DA:142,0
DA:143,0
DA:147,0
DA:152,0
DA:153,0
DA:154,0
DA:155,0
DA:157,0
DA:159,0
DA:160,0
DA:161,0
DA:166,0
DA:167,0
DA:168,0
DA:171,1
DA:173,1
DA:174,2
DA:175,1
DA:176,1
DA:177,1
DA:181,1
DA:182,4
DA:184,1
DA:185,4
DA:187,1
DA:188,1
DA:189,1
DA:190,4
DA:192,2
DA:198,5
DA:201,1
DA:202,1
DA:204,1
DA:206,1
DA:207,3
DA:209,1
DA:210,1
DA:212,1
DA:214,1
DA:217,1
DA:218,1
DA:223,1
DA:224,1
DA:226,1
DA:229,1
DA:231,1
DA:233,1
DA:234,1
DA:236,1
DA:237,0
DA:238,0
DA:241,0
DA:244,1
DA:249,1
DA:251,2
DA:252,1
DA:263,0
DA:271,1
DA:275,0
DA:286,1
DA:288,1
DA:303,1
DA:305,1
DA:308,1
DA:309,1
DA:310,0
DA:311,0
DA:321,1
DA:323,2
DA:324,3
DA:327,1
DA:331,3
DA:334,1
DA:335,1
DA:336,1
DA:338,1
DA:339,1
DA:341,0
LF:140
LH:108
end_of_record
SF:lib\presentation\pages\top_rated_movies_page.dart
DA:11,1
DA:12,1
DA:16,1
DA:18,1
DA:19,2
DA:20,2
DA:21,2
DA:24,1
DA:26,1
DA:27,1
DA:30,1
DA:32,1
DA:34,1
DA:35,1
DA:39,1
DA:40,1
DA:41,1
DA:42,1
DA:43,1
DA:45,1
DA:49,1
DA:52,1
DA:54,2
LF:23
LH:23
end_of_record
SF:lib\presentation\pages\watchlist_movies_page.dart
DA:11,1
DA:12,1
DA:13,1
DA:18,1
DA:20,1
DA:21,2
DA:22,4
DA:26,1
DA:28,1
DA:29,4
DA:32,0
DA:34,0
DA:37,1
DA:39,1
DA:41,1
DA:42,1
DA:43,1
DA:47,1
DA:48,1
DA:49,1
DA:50,1
DA:51,1
DA:52,1
DA:56,1
DA:58,1
DA:59,1
DA:60,2
DA:73,1
DA:75,2
DA:76,1
LF:30
LH:28
end_of_record
SF:lib\common\utils.dart
DA:3,6
LF:1
LH:1
end_of_record
SF:lib\presentation\pages\popular_tv_shows_page.dart
DA:11,1
DA:12,1
DA:16,1
DA:18,1
DA:19,1
DA:20,5
DA:23,1
DA:25,1
DA:26,1
DA:27,1
DA:29,1
DA:31,1
DA:33,1
DA:34,1
DA:38,1
DA:39,1
DA:41,1
DA:42,1
DA:43,1
DA:44,1
DA:48,1
DA:51,1
DA:53,2
LF:23
LH:23
end_of_record
SF:lib\presentation\pages\top_rated_tv_shows_page.dart
DA:10,1
DA:11,1
DA:15,1
DA:17,1
DA:18,2
DA:19,2
DA:20,2
DA:23,1
DA:25,1
DA:26,1
DA:29,1
DA:31,1
DA:33,1
DA:34,1
DA:38,1
DA:39,1
DA:41,1
DA:42,1
DA:43,1
DA:44,1
DA:48,1
DA:51,1
DA:53,2
LF:23
LH:23
end_of_record
SF:lib\presentation\pages\watchlist_tv_shows_page.dart
DA:11,1
DA:12,1
DA:17,1
DA:19,1
DA:20,2
DA:21,4
DA:25,1
DA:27,1
DA:28,4
DA:31,0
DA:33,0
DA:36,1
DA:38,1
DA:40,1
DA:41,1
DA:42,1
DA:46,1
DA:47,1
DA:49,1
DA:50,1
DA:51,1
DA:53,1
DA:57,1
DA:59,1
DA:60,1
DA:61,2
DA:74,1
DA:76,2
DA:77,1
LF:29
LH:27
end_of_record
